<?xml version="1.0" encoding="UTF-8"?>
<!-- Generated by org.testng.reporters.JUnitXMLReporter -->
<testsuite ignored="0" hostname="DESKTOP-49HPLNI" failures="0" tests="2" name="FirefoxBrowser" time="95.124" errors="0" timestamp="2022-05-27T23:43:24 IST">
  <testcase classname="test.Flipkart.VerifyRealmeMobiles" name="@BeforeMethod loginToFlipkartAndSelectElectronics" time="23.963">
    <failure type="org.openqa.selenium.ElementClickInterceptedException" message="Element &amp;lt;div class=&amp;quot;xtXmba&amp;quot;&amp;gt; is not clickable at point (97,145) because another element &amp;lt;div class=&amp;quot;_2hriZF _2rbIyg&amp;quot;&amp;gt; obscures it
Build info: version: &amp;apos;3.141.59&amp;apos;, revision: &amp;apos;e82be7d358&amp;apos;, time: &amp;apos;2018-11-14T08:17:03&amp;apos;
System info: host: &amp;apos;DESKTOP-49HPLNI&amp;apos;, ip: &amp;apos;192.168.26.149&amp;apos;, os.name: &amp;apos;Windows 10&amp;apos;, os.arch: &amp;apos;amd64&amp;apos;, os.version: &amp;apos;10.0&amp;apos;, java.version: &amp;apos;17.0.2&amp;apos;
Driver info: org.openqa.selenium.firefox.FirefoxDriver
Capabilities {acceptInsecureCerts: true, browserName: firefox, browserVersion: 100.0.2, javascriptEnabled: true, moz:accessibilityChecks: false, moz:buildID: 20220519220738, moz:geckodriverVersion: 0.31.0, moz:headless: false, moz:processID: 18648, moz:profile: C:\Users\ADMINI~1\AppData\L..., moz:shutdownTimeout: 60000, moz:useNonSpecCompliantPointerOrigin: false, moz:webdriverClick: true, pageLoadStrategy: normal, platform: WINDOWS, platformName: WINDOWS, platformVersion: 10.0, proxy: Proxy(), setWindowRect: true, strictFileInteractability: false, timeouts: {implicit: 0, pageLoad: 300000, script: 30000}, unhandledPromptBehavior: dismiss and notify}
Session ID: 563a7aec-889d-4111-acaa-0e257a4745fd">
      <![CDATA[org.openqa.selenium.ElementClickInterceptedException: Element <div class="xtXmba"> is not clickable at point (97,145) because another element <div class="_2hriZF _2rbIyg"> obscures it
Build info: version: '3.141.59', revision: 'e82be7d358', time: '2018-11-14T08:17:03'
System info: host: 'DESKTOP-49HPLNI', ip: '192.168.26.149', os.name: 'Windows 10', os.arch: 'amd64', os.version: '10.0', java.version: '17.0.2'
Driver info: org.openqa.selenium.firefox.FirefoxDriver
Capabilities {acceptInsecureCerts: true, browserName: firefox, browserVersion: 100.0.2, javascriptEnabled: true, moz:accessibilityChecks: false, moz:buildID: 20220519220738, moz:geckodriverVersion: 0.31.0, moz:headless: false, moz:processID: 18648, moz:profile: C:\Users\ADMINI~1\AppData\L..., moz:shutdownTimeout: 60000, moz:useNonSpecCompliantPointerOrigin: false, moz:webdriverClick: true, pageLoadStrategy: normal, platform: WINDOWS, platformName: WINDOWS, platformVersion: 10.0, proxy: Proxy(), setWindowRect: true, strictFileInteractability: false, timeouts: {implicit: 0, pageLoad: 300000, script: 30000}, unhandledPromptBehavior: dismiss and notify}
Session ID: 563a7aec-889d-4111-acaa-0e257a4745fd
at org.openqa.selenium.remote.http.W3CHttpResponseCodec.createException(W3CHttpResponseCodec.java:187)
at org.openqa.selenium.remote.http.W3CHttpResponseCodec.decode(W3CHttpResponseCodec.java:122)
at org.openqa.selenium.remote.http.W3CHttpResponseCodec.decode(W3CHttpResponseCodec.java:49)
at org.openqa.selenium.remote.HttpCommandExecutor.execute(HttpCommandExecutor.java:158)
at org.openqa.selenium.remote.service.DriverCommandExecutor.execute(DriverCommandExecutor.java:83)
at org.openqa.selenium.remote.RemoteWebDriver.execute(RemoteWebDriver.java:552)
at org.openqa.selenium.remote.RemoteWebElement.execute(RemoteWebElement.java:285)
at org.openqa.selenium.remote.RemoteWebElement.click(RemoteWebElement.java:84)
at org.openqa.selenium.support.pagefactory.internal.LocatingElementHandler.invoke(LocatingElementHandler.java:51)
at jdk.proxy2/jdk.proxy2.$Proxy17.click(Unknown Source)
at pom.Flipkart.TopOfferPage.selectTopOffers(TopOfferPage.java:33)
at test.Flipkart.VerifyRealmeMobiles.loginToFlipkartAndSelectElectronics(VerifyRealmeMobiles.java:76)
at java.base/java.util.ArrayList.forEach(ArrayList.java:1511)
... Removed 40 stack frames]]>
    </failure>
  </testcase> <!-- @BeforeMethod loginToFlipkartAndSelectElectronics -->
  <testcase classname="test.Flipkart.VerifyRealmeMobiles" name="@AfterMethod logoutFlipkart" time="-1.653675204195E9">
    <skipped/>
  </testcase> <!-- @AfterMethod logoutFlipkart -->
  <testcase classname="test.Flipkart.VerifyRealmeMobiles" name="@BeforeMethod loginToFlipkartAndSelectElectronics" time="-1.653675204202E9">
    <skipped/>
  </testcase> <!-- @BeforeMethod loginToFlipkartAndSelectElectronics -->
  <testcase classname="test.Flipkart.VerifyRealmeMobiles" name="@AfterMethod logoutFlipkart" time="-1.653675204229E9">
    <skipped/>
  </testcase> <!-- @AfterMethod logoutFlipkart -->
  <testcase classname="test.Flipkart.VerifyRealmeMobiles" name="@AfterClass nullAllObject" time="-1.653675204234E9">
    <skipped/>
  </testcase> <!-- @AfterClass nullAllObject -->
  <testcase classname="test.Flipkart.VerifyRealmeMobiles" name="@AfterTest quitBrowser" time="-1.653675204239E9">
    <skipped/>
  </testcase> <!-- @AfterTest quitBrowser -->
  <testcase classname="test.Flipkart.VerifyRealmeMobiles" name="selectRealmeNarzo50i" time="0.0">
    <skipped/>
  </testcase> <!-- selectRealmeNarzo50i -->
  <testcase classname="test.Flipkart.VerifyRealmeMobiles" name="selectRealmeC11" time="0.0">
    <skipped/>
  </testcase> <!-- selectRealmeC11 -->
</testsuite> <!-- FirefoxBrowser -->
